<?xml version="1.0" encoding="UTF-8"?>
<coverage generated="1662659204903" clover="3.2.0">
  <project timestamp="1662659204903" name="All files">
    <metrics statements="7" coveredstatements="7" conditionals="2" coveredconditionals="2" methods="2" coveredmethods="2" elements="11" coveredelements="11" complexity="0" loc="7" ncloc="7" packages="1" files="1" classes="1"/>
    <file name="store.js" path="/home/jsalas/Development/jsnad/labs/ch-16/labs-2/store.js">
      <metrics statements="7" coveredstatements="7" conditionals="2" coveredconditionals="2" methods="2" coveredmethods="2"/>
      <line num="2" count="1" type="stmt"/>
      <line num="3" count="7" type="cond" truecount="2" falsecount="0"/>
      <line num="4" count="5" type="stmt"/>
      <line num="5" count="5" type="stmt"/>
      <line num="7" count="2" type="stmt"/>
      <line num="8" count="2" type="stmt"/>
      <line num="9" count="2" type="stmt"/>
    </file>
  </project>
</coverage>
