{"/Users/rigojr/Development/jsnad/review/main-content/unit-testing/ch-16/labs-1/uppercase.js": {"path":"/Users/rigojr/Development/jsnad/review/main-content/unit-testing/ch-16/labs-1/uppercase.js","statementMap":{"0":{"start":{"line":3,"column":6},"end":{"line":3,"column":30}},"1":{"start":{"line":6,"column":4},"end":{"line":6,"column":30}}},"fnMap":{"0":{"name":"uppercase","decl":{"start":{"line":2,"column":13},"end":{"line":2,"column":22}},"loc":{"start":{"line":2,"column":29},"end":{"line":4,"column":5}},"line":2}},"branchMap":{},"s":{"0":3,"1":1},"f":{"0":3},"b":{},"_coverageSchema":"1a1c01bbd47fc00a2c39e90264f33305004495a9","hash":"c6a65fea6ec6654132e9675ec9043b329e64a249"}
}
