{"/home/jsalas/Development/jsnad/labs/ch-16/labs-3/store.js": {"path":"/home/jsalas/Development/jsnad/labs/ch-16/labs-3/store.js","statementMap":{"0":{"start":{"line":2,"column":28},"end":{"line":2,"column":43}},"1":{"start":{"line":3,"column":22},"end":{"line":3,"column":43}},"2":{"start":{"line":4,"column":6},"end":{"line":8,"column":7}},"3":{"start":{"line":5,"column":8},"end":{"line":5,"column":26}},"4":{"start":{"line":6,"column":19},"end":{"line":6,"column":71}},"5":{"start":{"line":7,"column":8},"end":{"line":7,"column":21}}},"fnMap":{"0":{"name":"(anonymous_0)","decl":{"start":{"line":4,"column":23},"end":{"line":4,"column":24}},"loc":{"start":{"line":4,"column":40},"end":{"line":8,"column":7}},"line":4}},"branchMap":{},"s":{"0":1,"1":1,"2":1,"3":3,"4":3,"5":3},"f":{"0":3},"b":{},"_coverageSchema":"1a1c01bbd47fc00a2c39e90264f33305004495a9","hash":"0e62e173671e5058f7c83fb06dc2f4d73c3b40d3"}
}
